Arguments: 
  /Users/papa/Applications/Framer X.app/Contents/Resources/Node/bin/node /Users/papa/Applications/Framer X.app/Contents/Resources/Server/node_modules/yarn/lib/cli.js outdated --cwd /Users/papa/Library/Autosave Information/Framer-72B67E61-7FE7-4E0E-B285-0798DBE15DA6/container --skip-integrity-check --cache-folder /Users/papa/Library/Caches/Framer/yarn/cache --mutex file:/Users/papa/Library/Caches/Framer/yarn/mutex --json

PATH: 
  /usr/bin:/bin:/usr/sbin:/sbin

Yarn version: 
  1.9.4

Node version: 
  10.13.0

Platform: 
  darwin x64

Trace: 
  Error: https://registry.framer.com/@framer%2ficonfinder.social-media: ETIMEDOUT
      at Timeout._onTimeout (/Users/papa/Applications/Framer X.app/Contents/Resources/Server/node_modules/yarn/lib/cli.js:138128:19)
      at ontimeout (timers.js:436:11)
      at tryOnTimeout (timers.js:300:5)
      at listOnTimeout (timers.js:263:5)
      at Timer.processTimers (timers.js:223:10)

npm manifest: 
  {
  	"main": "dist/index.js",
  	"license": "MIT",
  	"devDependencies": {
  		"@types/react": "^16.4.16",
  		"framer": "^0.10.1"
  	},
  	"peerDependencies": {
  		"framer": "^0.10.1",
  		"react": "^16.3.0",
  		"react-dom": "^16.3.0"
  	},
  	"framer": {
  		"id": "976351d5-22b8-4874-b81d-0719130b2f1a"
  	},
  	"author": "James Williams",
  	"dependencies": {
  		"@framer/iconfinder.social-media": "^1.3.0",
  		"@framer/jacopomoretto.carousel": "^1.27.0",
  		"@framer/janvanwtf.youtube": "^1.3.0",
  		"@framer/marcopesani.font-awesome-free": "^1.1.0"
  	}
  }

yarn manifest: 
  No manifest

Lockfile: 
  # THIS IS AN AUTOGENERATED FILE. DO NOT EDIT THIS FILE DIRECTLY.
  # yarn lockfile v1
  
  
  "@babel/runtime@^7.2.0":
    version "7.3.1"
    resolved "https://registry.yarnpkg.com/@babel/runtime/-/runtime-7.3.1.tgz#574b03e8e8a9898eaf4a872a92ea20b7846f6f2a"
    dependencies:
      regenerator-runtime "^0.12.0"
  
  "@fortawesome/fontawesome-common-types@^0.2.12":
    version "0.2.12"
    resolved "https://registry.yarnpkg.com/@fortawesome/fontawesome-common-types/-/fontawesome-common-types-0.2.12.tgz#42baa71f97ca06faeb0b6718fa5ed20c5eefdf07"
  
  "@fortawesome/fontawesome-svg-core@^1.2.0-14":
    version "1.2.12"
    resolved "https://registry.yarnpkg.com/@fortawesome/fontawesome-svg-core/-/fontawesome-svg-core-1.2.12.tgz#9732617b1e484435f6946645d7f9ad248f12c437"
    dependencies:
      "@fortawesome/fontawesome-common-types" "^0.2.12"
  
  "@fortawesome/free-brands-svg-icons@^5.3.1":
    version "5.6.3"
    resolved "https://registry.yarnpkg.com/@fortawesome/free-brands-svg-icons/-/free-brands-svg-icons-5.6.3.tgz#f4ac2abab83822b341b3b7257c38b9da12ca7395"
    dependencies:
      "@fortawesome/fontawesome-common-types" "^0.2.12"
  
  "@fortawesome/free-regular-svg-icons@^5.3.1":
    version "5.6.3"
    resolved "https://registry.yarnpkg.com/@fortawesome/free-regular-svg-icons/-/free-regular-svg-icons-5.6.3.tgz#b0a44d665c347b56d064a37962e81e8d8a8f2624"
    dependencies:
      "@fortawesome/fontawesome-common-types" "^0.2.12"
  
  "@fortawesome/free-solid-svg-icons@^5.1.0-11":
    version "5.6.3"
    resolved "https://registry.yarnpkg.com/@fortawesome/free-solid-svg-icons/-/free-solid-svg-icons-5.6.3.tgz#1d7f6669ccd6a1ea673699e41f7e32c81401a260"
    dependencies:
      "@fortawesome/fontawesome-common-types" "^0.2.12"
  
  "@fortawesome/react-fontawesome@^0.1.0-11":
    version "0.1.4"
    resolved "https://registry.yarnpkg.com/@fortawesome/react-fontawesome/-/react-fontawesome-0.1.4.tgz#18d61d9b583ca289a61aa7dccc05bd164d6bc9ad"
    dependencies:
      humps "^2.0.1"
      prop-types "^15.5.10"
  
  "@framer/iconfinder.social-media@^1.3.0":
    version "1.3.0"
    resolved "https://registry.framer.com/@framer/iconfinder.social-media/-/@framer/iconfinder.social-media-1.3.0.tgz#3901dc6bc6c394ec485375697c15160642f94c9b"
  
  "@framer/jacopomoretto.carousel@^1.27.0":
    version "1.27.0"
    resolved "https://registry.framer.com/@framer/jacopomoretto.carousel/-/@framer/jacopomoretto.carousel-1.27.0.tgz#49dad083801b5fb2bbcd310c4e686756554ba484"
    dependencies:
      nuka-carousel "4.3.6"
  
  "@framer/janvanwtf.youtube@^1.3.0":
    version "1.3.0"
    resolved "https://registry.framer.com/@framer/janvanwtf.youtube/-/@framer/janvanwtf.youtube-1.3.0.tgz#3005b9d41b62159ad6e9d79ae4c64b5e91559153"
  
  "@framer/marcopesani.font-awesome-free@^1.1.0":
    version "1.1.0"
    resolved "https://registry.framer.com/@framer/marcopesani.font-awesome-free/-/@framer/marcopesani.font-awesome-free-1.1.0.tgz#2dc1a69884dd2baf6f9a25cbafce21d5af8b65f7"
    dependencies:
      "@fortawesome/fontawesome-svg-core" "^1.2.0-14"
      "@fortawesome/free-brands-svg-icons" "^5.3.1"
      "@fortawesome/free-regular-svg-icons" "^5.3.1"
      "@fortawesome/free-solid-svg-icons" "^5.1.0-11"
      "@fortawesome/react-fontawesome" "^0.1.0-11"
  
  "@types/prop-types@*":
    version "15.5.6"
    resolved "https://registry.yarnpkg.com/@types/prop-types/-/prop-types-15.5.6.tgz#9c03d3fed70a8d517c191b7734da2879b50ca26c"
  
  "@types/react@^16.4.16":
    version "16.4.16"
    resolved "https://registry.yarnpkg.com/@types/react/-/react-16.4.16.tgz#99f91b1200ae8c2062030402006d3b3c3a177043"
    dependencies:
      "@types/prop-types" "*"
      csstype "^2.2.0"
  
  csstype@^2.2.0:
    version "2.5.5"
    resolved "https://registry.yarnpkg.com/csstype/-/csstype-2.5.5.tgz#4125484a3d42189a863943f23b9e4b80fedfa106"
  
  d3-color@1:
    version "1.2.3"
    resolved "https://registry.yarnpkg.com/d3-color/-/d3-color-1.2.3.tgz#6c67bb2af6df3cc8d79efcc4d3a3e83e28c8048f"
  
  d3-ease@^1.0.3:
    version "1.0.5"
    resolved "https://registry.yarnpkg.com/d3-ease/-/d3-ease-1.0.5.tgz#8ce59276d81241b1b72042d6af2d40e76d936ffb"
  
  d3-interpolate@^1.3.2:
    version "1.3.2"
    resolved "https://registry.yarnpkg.com/d3-interpolate/-/d3-interpolate-1.3.2.tgz#417d3ebdeb4bc4efcc8fd4361c55e4040211fd68"
    dependencies:
      d3-color "1"
  
  d3-timer@^1.0.9:
    version "1.0.9"
    resolved "https://registry.yarnpkg.com/d3-timer/-/d3-timer-1.0.9.tgz#f7bb8c0d597d792ff7131e1c24a36dd471a471ba"
  
  exenv@^1.2.0:
    version "1.2.2"
    resolved "https://registry.yarnpkg.com/exenv/-/exenv-1.2.2.tgz#2ae78e85d9894158670b03d47bec1f03bd91bb9d"
  
  framer@^0.10.1:
    version "0.10.1"
    resolved "https://registry.yarnpkg.com/framer/-/framer-0.10.1.tgz#c543e0435f12971dc9c3cfab79c6f1f316261b6f"
  
  humps@^2.0.1:
    version "2.0.1"
    resolved "https://registry.yarnpkg.com/humps/-/humps-2.0.1.tgz#dd02ea6081bd0568dc5d073184463957ba9ef9aa"
  
  "js-tokens@^3.0.0 || ^4.0.0":
    version "4.0.0"
    resolved "https://registry.yarnpkg.com/js-tokens/-/js-tokens-4.0.0.tgz#19203fb59991df98e3a287050d4647cdeaf32499"
  
  loose-envify@^1.3.1:
    version "1.4.0"
    resolved "https://registry.yarnpkg.com/loose-envify/-/loose-envify-1.4.0.tgz#71ee51fa7be4caec1a63839f7e682d8132d30caf"
    dependencies:
      js-tokens "^3.0.0 || ^4.0.0"
  
  nuka-carousel@4.3.6:
    version "4.3.6"
    resolved "https://registry.yarnpkg.com/nuka-carousel/-/nuka-carousel-4.3.6.tgz#320242a15b9f8ccc381a9ef263a3d6d31947528f"
    dependencies:
      d3-ease "^1.0.3"
      exenv "^1.2.0"
      prop-types "^15.6.0"
      react-move "^2.7.0"
  
  object-assign@^4.1.1:
    version "4.1.1"
    resolved "https://registry.yarnpkg.com/object-assign/-/object-assign-4.1.1.tgz#2109adc7965887cfc05cbbd442cac8bfbb360863"
  
  prop-types@^15.5.10, prop-types@^15.6.0, prop-types@^15.6.2:
    version "15.6.2"
    resolved "https://registry.yarnpkg.com/prop-types/-/prop-types-15.6.2.tgz#05d5ca77b4453e985d60fc7ff8c859094a497102"
    dependencies:
      loose-envify "^1.3.1"
      object-assign "^4.1.1"
  
  react-lifecycles-compat@^3.0.4:
    version "3.0.4"
    resolved "https://registry.yarnpkg.com/react-lifecycles-compat/-/react-lifecycles-compat-3.0.4.tgz#4f1a273afdfc8f3488a8c516bfda78f872352362"
  
  react-move@^2.7.0:
    version "2.9.1"
    resolved "https://registry.yarnpkg.com/react-move/-/react-move-2.9.1.tgz#966a1e7312795b03aa6b4834f9392a3bfbbe2ca0"
    dependencies:
      "@babel/runtime" "^7.2.0"
      d3-interpolate "^1.3.2"
      d3-timer "^1.0.9"
      prop-types "^15.6.2"
      react-lifecycles-compat "^3.0.4"
  
  regenerator-runtime@^0.12.0:
    version "0.12.1"
    resolved "https://registry.yarnpkg.com/regenerator-runtime/-/regenerator-runtime-0.12.1.tgz#fa1a71544764c036f8c49b13a08b2594c9f8a0de"
